2024-04-21 18:28:20 - com.hendisantika.springbootrestapipostgresql.SpringBootRestApiPostgresqlApplication - Starting SpringBootRestApiPostgresqlApplication using Java 19.0.2 with PID 14600 (D:\Midjan\Universiteti\Master Profesional, Software Engineer, LHIND-FTI, UPT, 2023-2024\Semestri i dyte\Cloud App development\Laboratore\Laborator030424\target\classes started by Dell in D:\Midjan\Universiteti\Master Profesional, Software Engineer, LHIND-FTI, UPT, 2023-2024\Semestri i dyte\Cloud App development\Laboratore\Laborator030424)
2024-04-21 18:28:20 - com.hendisantika.springbootrestapipostgresql.SpringBootRestApiPostgresqlApplication - No active profile set, falling back to 1 default profile: "default"
2024-04-21 18:28:22 - org.springframework.data.repository.config.RepositoryConfigurationDelegate - Bootstrapping Spring Data JPA repositories in DEFAULT mode.
2024-04-21 18:28:22 - org.springframework.data.repository.config.RepositoryConfigurationDelegate - Finished Spring Data repository scanning in 117 ms. Found 2 JPA repository interfaces.
2024-04-21 18:28:24 - org.springframework.boot.web.embedded.tomcat.TomcatWebServer - Tomcat initialized with port(s): 8080 (http)
2024-04-21 18:28:24 - org.apache.catalina.core.StandardService - Starting service [Tomcat]
2024-04-21 18:28:24 - org.apache.catalina.core.StandardEngine - Starting Servlet engine: [Apache Tomcat/10.1.15]
2024-04-21 18:28:24 - org.apache.catalina.core.ContainerBase.[Tomcat].[localhost].[/] - Initializing Spring embedded WebApplicationContext
2024-04-21 18:28:24 - org.springframework.boot.web.servlet.context.ServletWebServerApplicationContext - Root WebApplicationContext: initialization completed in 3646 ms
2024-04-21 18:28:25 - org.hibernate.jpa.internal.util.LogHelper - HHH000204: Processing PersistenceUnitInfo [name: default]
2024-04-21 18:28:25 - org.hibernate.Version - HHH000412: Hibernate ORM core version 6.2.13.Final
2024-04-21 18:28:25 - org.hibernate.cfg.Environment - HHH000406: Using bytecode reflection optimizer
2024-04-21 18:28:26 - org.springframework.orm.jpa.persistenceunit.SpringPersistenceUnitInfo - No LoadTimeWeaver setup: ignoring JPA class transformer
2024-04-21 18:28:26 - com.zaxxer.hikari.HikariDataSource - HikariPool-1 - Starting...
2024-04-21 18:28:27 - com.zaxxer.hikari.pool.HikariPool - HikariPool-1 - Added connection org.postgresql.jdbc.PgConnection@7b3085a3
2024-04-21 18:28:27 - com.zaxxer.hikari.HikariDataSource - HikariPool-1 - Start completed.
2024-04-21 18:28:27 - org.hibernate.orm.deprecation - HHH90000025: PostgreSQLDialect does not need to be specified explicitly using 'hibernate.dialect' (remove the property setting and it will be selected by default)
2024-04-21 18:28:29 - org.hibernate.engine.transaction.jta.platform.internal.JtaPlatformInitiator - HHH000489: No JTA platform available (set 'hibernate.transaction.jta.platform' to enable JTA platform integration)
2024-04-21 18:28:30 - org.springframework.orm.jpa.LocalContainerEntityManagerFactoryBean - Initialized JPA EntityManagerFactory for persistence unit 'default'
2024-04-21 18:28:31 - org.springframework.boot.autoconfigure.orm.jpa.JpaBaseConfiguration$JpaWebConfiguration - spring.jpa.open-in-view is enabled by default. Therefore, database queries may be performed during view rendering. Explicitly configure spring.jpa.open-in-view to disable this warning
2024-04-21 18:28:33 - org.springframework.boot.web.embedded.tomcat.TomcatWebServer - Tomcat started on port(s): 8080 (http) with context path ''
2024-04-21 18:28:33 - com.hendisantika.springbootrestapipostgresql.SpringBootRestApiPostgresqlApplication - Started SpringBootRestApiPostgresqlApplication in 13.742 seconds (process running for 15.598)
2024-04-21 18:30:09 - org.springframework.orm.jpa.LocalContainerEntityManagerFactoryBean - Closing JPA EntityManagerFactory for persistence unit 'default'
2024-04-21 18:30:09 - com.zaxxer.hikari.HikariDataSource - HikariPool-1 - Shutdown initiated...
2024-04-21 18:30:12 - com.zaxxer.hikari.HikariDataSource - HikariPool-1 - Shutdown completed.
